20:24:41.811 logback [main] INFO  com.usher.Application - Starting Application on DESKTOP-V341JIN with PID 504 (D:\im\target\classes started by 24219 in D:\im)
20:24:41.821 logback [main] INFO  com.usher.Application - No active profile set, falling back to default profiles: default
20:24:42.094 logback [main] INFO  o.s.b.w.s.c.AnnotationConfigServletWebServerApplicationContext - Refreshing org.springframework.boot.web.servlet.context.AnnotationConfigServletWebServerApplicationContext@2aceadd4: startup date [Tue Nov 20 20:24:42 CST 2018]; root of context hierarchy
20:24:43.937 logback [main] INFO  o.s.b.f.s.DefaultListableBeanFactory - Overriding bean definition for bean 'dataSource' with a different definition: replacing [Root bean: class [null]; scope=; abstract=false; lazyInit=false; autowireMode=3; dependencyCheck=0; autowireCandidate=true; primary=false; factoryBeanName=org.springframework.boot.autoconfigure.jdbc.DataSourceConfiguration$Generic; factoryMethodName=dataSource; initMethodName=null; destroyMethodName=(inferred); defined in class path resource [org/springframework/boot/autoconfigure/jdbc/DataSourceConfiguration$Generic.class]] with [Root bean: class [null]; scope=; abstract=false; lazyInit=false; autowireMode=3; dependencyCheck=0; autowireCandidate=true; primary=false; factoryBeanName=org.springframework.boot.autoconfigure.jdbc.DataSourceConfiguration$Hikari; factoryMethodName=dataSource; initMethodName=null; destroyMethodName=(inferred); defined in class path resource [org/springframework/boot/autoconfigure/jdbc/DataSourceConfiguration$Hikari.class]]
20:24:44.830 logback [main] INFO  o.s.b.w.e.tomcat.TomcatWebServer - Tomcat initialized with port(s): 8080 (http)
20:24:44.842 logback [main] INFO  o.a.coyote.http11.Http11NioProtocol - Initializing ProtocolHandler ["http-nio-8080"]
20:24:44.852 logback [main] INFO  o.a.catalina.core.StandardService - Starting service [Tomcat]
20:24:44.852 logback [main] INFO  o.a.catalina.core.StandardEngine - Starting Servlet Engine: Apache Tomcat/8.5.31
20:24:44.857 logback [localhost-startStop-1] INFO  o.a.c.core.AprLifecycleListener - The APR based Apache Tomcat Native library which allows optimal performance in production environments was not found on the java.library.path: [C:\Program Files\Java\jdk1.8.0_151\bin;C:\Windows\Sun\Java\bin;C:\Windows\system32;C:\Windows;I:\app\24219\product\11.2.0\client_1\bin;I:\app\24219\product\11.2.0\dbhome_1\bin;C:\ProgramData\Oracle\Java\javapath;C:\Windows\system32;C:\Windows;C:\Windows\System32\Wbem;C:\Windows\System32\WindowsPowerShell\v1.0\;C:\Program Files (x86)\NVIDIA Corporation\PhysX\Common;"C:\Program Files\Java\jdk1.8.0_151\bin;C:\Program Files\Java\jdk1.8.0_151\jre\bin";C:\Program Files\nodejs\;C:\Go\bin;C:\Program Files\MySQL\MySQL Utilities 1.6\;$HADOOP_HOME\bin;D:\JavaEE\apache-maven-3.5.2\bin;H:\软件\apache-cxf-2.7.11\bin;H:\软件\gradle-3.5.1\bin;C:\Program Files (x86)\scala\bin;C:\Program Files\TortoiseSVN\bin;I:\app\24219\product\instantclient_11_2;C:\Program Files\Git\cmd;C:\Users\24219\AppData\Local\Microsoft\WindowsApps;C:\Users\24219\AppData\Roaming\npm;C:\Program Files\Microsoft VS Code\bin;C:\Users\24219\AppData\Local\GitHubDesktop\bin;C:\Program Files\Intel\WiFi\bin\;C:\Program Files\Common Files\Intel\WirelessCommon\;C:\Users\24219\AppData\Local\Programs\Microsoft VS Code\bin;;.]
20:24:45.044 logback [localhost-startStop-1] INFO  o.a.c.c.C.[Tomcat].[localhost].[/] - Initializing Spring embedded WebApplicationContext
20:24:45.044 logback [localhost-startStop-1] INFO  o.s.web.context.ContextLoader - Root WebApplicationContext: initialization completed in 2950 ms
20:24:45.381 logback [localhost-startStop-1] INFO  o.s.b.w.s.ServletRegistrationBean - Servlet dispatcherServlet mapped to [/]
20:24:45.387 logback [localhost-startStop-1] INFO  o.s.b.w.s.FilterRegistrationBean - Mapping filter: 'characterEncodingFilter' to: [/*]
20:24:45.387 logback [localhost-startStop-1] INFO  o.s.b.w.s.FilterRegistrationBean - Mapping filter: 'hiddenHttpMethodFilter' to: [/*]
20:24:45.387 logback [localhost-startStop-1] INFO  o.s.b.w.s.FilterRegistrationBean - Mapping filter: 'httpPutFormContentFilter' to: [/*]
20:24:45.387 logback [localhost-startStop-1] INFO  o.s.b.w.s.FilterRegistrationBean - Mapping filter: 'requestContextFilter' to: [/*]
20:24:47.438 logback [main] INFO  o.s.w.s.h.SimpleUrlHandlerMapping - Mapped URL path [/**/favicon.ico] onto handler of type [class org.springframework.web.servlet.resource.ResourceHttpRequestHandler]
20:24:48.032 logback [main] INFO  o.s.w.s.m.m.a.RequestMappingHandlerAdapter - Looking for @ControllerAdvice: org.springframework.boot.web.servlet.context.AnnotationConfigServletWebServerApplicationContext@2aceadd4: startup date [Tue Nov 20 20:24:42 CST 2018]; root of context hierarchy
20:24:48.184 logback [main] INFO  o.s.w.s.m.m.a.RequestMappingHandlerMapping - Mapped "{[/u/operFriendRequest],methods=[POST]}" onto public com.usher.utils.JsonResult com.usher.controller.SearchController.operFriendRequest(java.lang.String,java.lang.String,java.lang.Integer)
20:24:48.186 logback [main] INFO  o.s.w.s.m.m.a.RequestMappingHandlerMapping - Mapped "{[/u/queryFriendRequests],methods=[GET]}" onto public com.usher.utils.JsonResult com.usher.controller.SearchController.queryFriendRequests(java.lang.String)
20:24:48.186 logback [main] INFO  o.s.w.s.m.m.a.RequestMappingHandlerMapping - Mapped "{[/u/search],methods=[POST]}" onto public com.usher.utils.JsonResult com.usher.controller.SearchController.searchUser(java.lang.String,java.lang.String)
20:24:48.187 logback [main] INFO  o.s.w.s.m.m.a.RequestMappingHandlerMapping - Mapped "{[/u/addFriendRequest],methods=[POST]}" onto public com.usher.utils.JsonResult com.usher.controller.SearchController.addFriendRequest(java.lang.String,java.lang.String) throws java.lang.Exception
20:24:48.187 logback [main] INFO  o.s.w.s.m.m.a.RequestMappingHandlerMapping - Mapped "{[/u/myFriends],methods=[POST]}" onto public com.usher.utils.JsonResult com.usher.controller.SearchController.myFriends(java.lang.String)
20:24:48.188 logback [main] INFO  o.s.w.s.m.m.a.RequestMappingHandlerMapping - Mapped "{[/hello],methods=[GET]}" onto public java.lang.String com.usher.controller.TestController.hello()
20:24:48.190 logback [main] INFO  o.s.w.s.m.m.a.RequestMappingHandlerMapping - Mapped "{[/u/registOrLogin],methods=[POST]}" onto public com.usher.utils.JsonResult com.usher.controller.UserController.registOrLogin(com.usher.form.UserForm,org.springframework.validation.BindingResult) throws java.lang.Exception
20:24:48.191 logback [main] INFO  o.s.w.s.m.m.a.RequestMappingHandlerMapping - Mapped "{[/u/setNickname],methods=[POST]}" onto public com.usher.utils.JsonResult com.usher.controller.UserController.setNickname(com.usher.pojo.bo.UsersBO) throws java.lang.Exception
20:24:48.191 logback [main] INFO  o.s.w.s.m.m.a.RequestMappingHandlerMapping - Mapped "{[/u/uploadFaceBase64],methods=[POST]}" onto public com.usher.utils.JsonResult com.usher.controller.UserController.uploadFaceBase64(com.usher.pojo.bo.UsersBO) throws java.lang.Exception
20:24:48.197 logback [main] INFO  o.s.w.s.m.m.a.RequestMappingHandlerMapping - Mapped "{[/error]}" onto public org.springframework.http.ResponseEntity<java.util.Map<java.lang.String, java.lang.Object>> org.springframework.boot.autoconfigure.web.servlet.error.BasicErrorController.error(javax.servlet.http.HttpServletRequest)
20:24:48.199 logback [main] INFO  o.s.w.s.m.m.a.RequestMappingHandlerMapping - Mapped "{[/error],produces=[text/html]}" onto public org.springframework.web.servlet.ModelAndView org.springframework.boot.autoconfigure.web.servlet.error.BasicErrorController.errorHtml(javax.servlet.http.HttpServletRequest,javax.servlet.http.HttpServletResponse)
20:24:48.256 logback [main] INFO  o.s.w.s.h.SimpleUrlHandlerMapping - Mapped URL path [/webjars/**] onto handler of type [class org.springframework.web.servlet.resource.ResourceHttpRequestHandler]
20:24:48.257 logback [main] INFO  o.s.w.s.h.SimpleUrlHandlerMapping - Mapped URL path [/**] onto handler of type [class org.springframework.web.servlet.resource.ResourceHttpRequestHandler]
20:24:49.226 logback [main] INFO  o.s.j.e.a.AnnotationMBeanExporter - Registering beans for JMX exposure on startup
20:24:49.228 logback [main] INFO  o.s.j.e.a.AnnotationMBeanExporter - Bean with name 'fdfsConnectionPool' has been autodetected for JMX exposure
20:24:49.229 logback [main] INFO  o.s.j.e.a.AnnotationMBeanExporter - Bean with name 'dataSource' has been autodetected for JMX exposure
20:24:49.250 logback [main] INFO  o.s.j.e.a.AnnotationMBeanExporter - Located MBean 'fdfsConnectionPool': registering with JMX server as MBean [com.github.tobato.fastdfs.conn:name=fdfsConnectionPool,type=FdfsConnectionPool]
20:24:49.252 logback [main] INFO  o.s.j.e.a.AnnotationMBeanExporter - Located MBean 'dataSource': registering with JMX server as MBean [com.zaxxer.hikari:name=dataSource,type=HikariDataSource]
20:24:51.810 logback [main] INFO  o.a.coyote.http11.Http11NioProtocol - Starting ProtocolHandler ["http-nio-8080"]
20:24:51.812 logback [main] INFO  o.a.tomcat.util.net.NioSelectorPool - Using a shared selector for servlet write/read
20:24:51.846 logback [main] INFO  o.s.b.w.e.tomcat.TomcatWebServer - Tomcat started on port(s): 8080 (http) with context path ''
20:24:51.851 logback [main] INFO  com.usher.Application - Started Application in 11.702 seconds (JVM running for 15.402)
20:25:22.937 logback [http-nio-8080-exec-2] INFO  o.a.c.c.C.[Tomcat].[localhost].[/] - Initializing Spring FrameworkServlet 'dispatcherServlet'
20:25:22.938 logback [http-nio-8080-exec-2] INFO  o.s.web.servlet.DispatcherServlet - FrameworkServlet 'dispatcherServlet': initialization started
20:25:22.973 logback [http-nio-8080-exec-2] INFO  o.s.web.servlet.DispatcherServlet - FrameworkServlet 'dispatcherServlet': initialization completed in 35 ms
20:25:23.096 logback [http-nio-8080-exec-2] INFO  com.zaxxer.hikari.HikariDataSource - DatebookHikariCP - Starting...
20:25:23.321 logback [http-nio-8080-exec-2] INFO  com.zaxxer.hikari.HikariDataSource - DatebookHikariCP - Start completed.
21:34:03.111 logback [main] INFO  com.usher.Application - Starting Application on DESKTOP-V341JIN with PID 6436 (D:\im\target\classes started by 24219 in D:\im)
21:34:03.121 logback [main] INFO  com.usher.Application - No active profile set, falling back to default profiles: default
21:34:03.250 logback [main] INFO  o.s.b.w.s.c.AnnotationConfigServletWebServerApplicationContext - Refreshing org.springframework.boot.web.servlet.context.AnnotationConfigServletWebServerApplicationContext@fa4c865: startup date [Tue Nov 20 21:34:03 CST 2018]; root of context hierarchy
21:34:04.298 logback [main] INFO  o.s.b.f.s.DefaultListableBeanFactory - Overriding bean definition for bean 'dataSource' with a different definition: replacing [Root bean: class [null]; scope=; abstract=false; lazyInit=false; autowireMode=3; dependencyCheck=0; autowireCandidate=true; primary=false; factoryBeanName=org.springframework.boot.autoconfigure.jdbc.DataSourceConfiguration$Generic; factoryMethodName=dataSource; initMethodName=null; destroyMethodName=(inferred); defined in class path resource [org/springframework/boot/autoconfigure/jdbc/DataSourceConfiguration$Generic.class]] with [Root bean: class [null]; scope=; abstract=false; lazyInit=false; autowireMode=3; dependencyCheck=0; autowireCandidate=true; primary=false; factoryBeanName=org.springframework.boot.autoconfigure.jdbc.DataSourceConfiguration$Hikari; factoryMethodName=dataSource; initMethodName=null; destroyMethodName=(inferred); defined in class path resource [org/springframework/boot/autoconfigure/jdbc/DataSourceConfiguration$Hikari.class]]
21:34:05.180 logback [main] INFO  o.s.b.w.e.tomcat.TomcatWebServer - Tomcat initialized with port(s): 8080 (http)
21:34:05.195 logback [main] INFO  o.a.coyote.http11.Http11NioProtocol - Initializing ProtocolHandler ["http-nio-8080"]
21:34:05.213 logback [main] INFO  o.a.catalina.core.StandardService - Starting service [Tomcat]
21:34:05.213 logback [main] INFO  o.a.catalina.core.StandardEngine - Starting Servlet Engine: Apache Tomcat/8.5.31
21:34:05.218 logback [localhost-startStop-1] INFO  o.a.c.core.AprLifecycleListener - The APR based Apache Tomcat Native library which allows optimal performance in production environments was not found on the java.library.path: [C:\Program Files\Java\jdk1.8.0_151\bin;C:\Windows\Sun\Java\bin;C:\Windows\system32;C:\Windows;I:\app\24219\product\11.2.0\client_1\bin;I:\app\24219\product\11.2.0\dbhome_1\bin;C:\ProgramData\Oracle\Java\javapath;C:\Windows\system32;C:\Windows;C:\Windows\System32\Wbem;C:\Windows\System32\WindowsPowerShell\v1.0\;C:\Program Files (x86)\NVIDIA Corporation\PhysX\Common;"C:\Program Files\Java\jdk1.8.0_151\bin;C:\Program Files\Java\jdk1.8.0_151\jre\bin";C:\Program Files\nodejs\;C:\Go\bin;C:\Program Files\MySQL\MySQL Utilities 1.6\;$HADOOP_HOME\bin;D:\JavaEE\apache-maven-3.5.2\bin;H:\软件\apache-cxf-2.7.11\bin;H:\软件\gradle-3.5.1\bin;C:\Program Files (x86)\scala\bin;C:\Program Files\TortoiseSVN\bin;I:\app\24219\product\instantclient_11_2;C:\Program Files\Git\cmd;C:\Users\24219\AppData\Local\Microsoft\WindowsApps;C:\Users\24219\AppData\Roaming\npm;C:\Program Files\Microsoft VS Code\bin;C:\Users\24219\AppData\Local\GitHubDesktop\bin;C:\Program Files\Intel\WiFi\bin\;C:\Program Files\Common Files\Intel\WirelessCommon\;C:\Users\24219\AppData\Local\Programs\Microsoft VS Code\bin;;.]
21:34:05.446 logback [localhost-startStop-1] INFO  o.a.c.c.C.[Tomcat].[localhost].[/] - Initializing Spring embedded WebApplicationContext
21:34:05.446 logback [localhost-startStop-1] INFO  o.s.web.context.ContextLoader - Root WebApplicationContext: initialization completed in 2196 ms
21:34:05.666 logback [localhost-startStop-1] INFO  o.s.b.w.s.ServletRegistrationBean - Servlet dispatcherServlet mapped to [/]
21:34:05.670 logback [localhost-startStop-1] INFO  o.s.b.w.s.FilterRegistrationBean - Mapping filter: 'characterEncodingFilter' to: [/*]
21:34:05.671 logback [localhost-startStop-1] INFO  o.s.b.w.s.FilterRegistrationBean - Mapping filter: 'hiddenHttpMethodFilter' to: [/*]
21:34:05.671 logback [localhost-startStop-1] INFO  o.s.b.w.s.FilterRegistrationBean - Mapping filter: 'httpPutFormContentFilter' to: [/*]
21:34:05.671 logback [localhost-startStop-1] INFO  o.s.b.w.s.FilterRegistrationBean - Mapping filter: 'requestContextFilter' to: [/*]
21:34:07.254 logback [main] INFO  o.s.w.s.h.SimpleUrlHandlerMapping - Mapped URL path [/**/favicon.ico] onto handler of type [class org.springframework.web.servlet.resource.ResourceHttpRequestHandler]
21:34:07.457 logback [main] INFO  o.s.w.s.m.m.a.RequestMappingHandlerAdapter - Looking for @ControllerAdvice: org.springframework.boot.web.servlet.context.AnnotationConfigServletWebServerApplicationContext@fa4c865: startup date [Tue Nov 20 21:34:03 CST 2018]; root of context hierarchy
21:34:07.511 logback [main] INFO  o.s.w.s.m.m.a.RequestMappingHandlerMapping - Mapped "{[/u/getUnReadMsgList],methods=[POST]}" onto public com.usher.utils.JsonResult com.usher.controller.ChatController.getUnReadMsgList(java.lang.String)
21:34:07.514 logback [main] INFO  o.s.w.s.m.m.a.RequestMappingHandlerMapping - Mapped "{[/u/myFriends],methods=[POST]}" onto public com.usher.utils.JsonResult com.usher.controller.SearchController.myFriends(java.lang.String)
21:34:07.515 logback [main] INFO  o.s.w.s.m.m.a.RequestMappingHandlerMapping - Mapped "{[/u/addFriendRequest],methods=[POST]}" onto public com.usher.utils.JsonResult com.usher.controller.SearchController.addFriendRequest(java.lang.String,java.lang.String) throws java.lang.Exception
21:34:07.515 logback [main] INFO  o.s.w.s.m.m.a.RequestMappingHandlerMapping - Mapped "{[/u/search],methods=[POST]}" onto public com.usher.utils.JsonResult com.usher.controller.SearchController.searchUser(java.lang.String,java.lang.String)
21:34:07.515 logback [main] INFO  o.s.w.s.m.m.a.RequestMappingHandlerMapping - Mapped "{[/u/operFriendRequest],methods=[POST]}" onto public com.usher.utils.JsonResult com.usher.controller.SearchController.operFriendRequest(java.lang.String,java.lang.String,java.lang.Integer)
21:34:07.515 logback [main] INFO  o.s.w.s.m.m.a.RequestMappingHandlerMapping - Mapped "{[/u/queryFriendRequests],methods=[GET]}" onto public com.usher.utils.JsonResult com.usher.controller.SearchController.queryFriendRequests(java.lang.String)
21:34:07.516 logback [main] INFO  o.s.w.s.m.m.a.RequestMappingHandlerMapping - Mapped "{[/hello],methods=[GET]}" onto public java.lang.String com.usher.controller.TestController.hello()
21:34:07.517 logback [main] INFO  o.s.w.s.m.m.a.RequestMappingHandlerMapping - Mapped "{[/u/registOrLogin],methods=[POST]}" onto public com.usher.utils.JsonResult com.usher.controller.UserController.registOrLogin(com.usher.form.UserForm,org.springframework.validation.BindingResult) throws java.lang.Exception
21:34:07.517 logback [main] INFO  o.s.w.s.m.m.a.RequestMappingHandlerMapping - Mapped "{[/u/setNickname],methods=[POST]}" onto public com.usher.utils.JsonResult com.usher.controller.UserController.setNickname(com.usher.pojo.bo.UsersBO) throws java.lang.Exception
21:34:07.517 logback [main] INFO  o.s.w.s.m.m.a.RequestMappingHandlerMapping - Mapped "{[/u/uploadFaceBase64],methods=[POST]}" onto public com.usher.utils.JsonResult com.usher.controller.UserController.uploadFaceBase64(com.usher.pojo.bo.UsersBO) throws java.lang.Exception
21:34:07.520 logback [main] INFO  o.s.w.s.m.m.a.RequestMappingHandlerMapping - Mapped "{[/error]}" onto public org.springframework.http.ResponseEntity<java.util.Map<java.lang.String, java.lang.Object>> org.springframework.boot.autoconfigure.web.servlet.error.BasicErrorController.error(javax.servlet.http.HttpServletRequest)
21:34:07.520 logback [main] INFO  o.s.w.s.m.m.a.RequestMappingHandlerMapping - Mapped "{[/error],produces=[text/html]}" onto public org.springframework.web.servlet.ModelAndView org.springframework.boot.autoconfigure.web.servlet.error.BasicErrorController.errorHtml(javax.servlet.http.HttpServletRequest,javax.servlet.http.HttpServletResponse)
21:34:07.543 logback [main] INFO  o.s.w.s.h.SimpleUrlHandlerMapping - Mapped URL path [/webjars/**] onto handler of type [class org.springframework.web.servlet.resource.ResourceHttpRequestHandler]
21:34:07.543 logback [main] INFO  o.s.w.s.h.SimpleUrlHandlerMapping - Mapped URL path [/**] onto handler of type [class org.springframework.web.servlet.resource.ResourceHttpRequestHandler]
21:34:07.821 logback [main] INFO  o.s.j.e.a.AnnotationMBeanExporter - Registering beans for JMX exposure on startup
21:34:07.822 logback [main] INFO  o.s.j.e.a.AnnotationMBeanExporter - Bean with name 'fdfsConnectionPool' has been autodetected for JMX exposure
21:34:07.823 logback [main] INFO  o.s.j.e.a.AnnotationMBeanExporter - Bean with name 'dataSource' has been autodetected for JMX exposure
21:34:07.829 logback [main] INFO  o.s.j.e.a.AnnotationMBeanExporter - Located MBean 'fdfsConnectionPool': registering with JMX server as MBean [com.github.tobato.fastdfs.conn:name=fdfsConnectionPool,type=FdfsConnectionPool]
21:34:07.830 logback [main] INFO  o.s.j.e.a.AnnotationMBeanExporter - Located MBean 'dataSource': registering with JMX server as MBean [com.zaxxer.hikari:name=dataSource,type=HikariDataSource]
21:34:09.381 logback [main] INFO  o.a.coyote.http11.Http11NioProtocol - Starting ProtocolHandler ["http-nio-8080"]
21:34:09.382 logback [main] INFO  o.a.tomcat.util.net.NioSelectorPool - Using a shared selector for servlet write/read
21:34:09.405 logback [main] INFO  o.s.b.w.e.tomcat.TomcatWebServer - Tomcat started on port(s): 8080 (http) with context path ''
21:34:09.409 logback [main] INFO  com.usher.Application - Started Application in 7.306 seconds (JVM running for 9.357)
