20:55:54.872 logback [main] INFO  com.usher.Application - Starting Application on DESKTOP-V341JIN with PID 20380 (D:\im\target\classes started by 24219 in D:\im)
20:55:54.909 logback [main] INFO  com.usher.Application - No active profile set, falling back to default profiles: default
20:55:55.101 logback [main] INFO  o.s.b.w.s.c.AnnotationConfigServletWebServerApplicationContext - Refreshing org.springframework.boot.web.servlet.context.AnnotationConfigServletWebServerApplicationContext@fbd1f6: startup date [Tue Nov 27 20:55:55 CST 2018]; root of context hierarchy
20:55:57.491 logback [main] INFO  o.s.b.f.s.DefaultListableBeanFactory - Overriding bean definition for bean 'dataSource' with a different definition: replacing [Root bean: class [null]; scope=; abstract=false; lazyInit=false; autowireMode=3; dependencyCheck=0; autowireCandidate=true; primary=false; factoryBeanName=org.springframework.boot.autoconfigure.jdbc.DataSourceConfiguration$Generic; factoryMethodName=dataSource; initMethodName=null; destroyMethodName=(inferred); defined in class path resource [org/springframework/boot/autoconfigure/jdbc/DataSourceConfiguration$Generic.class]] with [Root bean: class [null]; scope=; abstract=false; lazyInit=false; autowireMode=3; dependencyCheck=0; autowireCandidate=true; primary=false; factoryBeanName=org.springframework.boot.autoconfigure.jdbc.DataSourceConfiguration$Hikari; factoryMethodName=dataSource; initMethodName=null; destroyMethodName=(inferred); defined in class path resource [org/springframework/boot/autoconfigure/jdbc/DataSourceConfiguration$Hikari.class]]
20:55:58.385 logback [main] INFO  o.s.b.w.e.tomcat.TomcatWebServer - Tomcat initialized with port(s): 8080 (http)
20:55:58.398 logback [main] INFO  o.a.coyote.http11.Http11NioProtocol - Initializing ProtocolHandler ["http-nio-8080"]
20:55:58.409 logback [main] INFO  o.a.catalina.core.StandardService - Starting service [Tomcat]
20:55:58.410 logback [main] INFO  o.a.catalina.core.StandardEngine - Starting Servlet Engine: Apache Tomcat/8.5.31
20:55:58.415 logback [localhost-startStop-1] INFO  o.a.c.core.AprLifecycleListener - The APR based Apache Tomcat Native library which allows optimal performance in production environments was not found on the java.library.path: [C:\Program Files\Java\jdk1.8.0_151\bin;C:\Windows\Sun\Java\bin;C:\Windows\system32;C:\Windows;I:\app\24219\product\11.2.0\client_1\bin;I:\app\24219\product\11.2.0\dbhome_1\bin;C:\ProgramData\Oracle\Java\javapath;C:\Windows\system32;C:\Windows;C:\Windows\System32\Wbem;C:\Windows\System32\WindowsPowerShell\v1.0\;C:\Program Files (x86)\NVIDIA Corporation\PhysX\Common;"C:\Program Files\Java\jdk1.8.0_151\bin;C:\Program Files\Java\jdk1.8.0_151\jre\bin";C:\Program Files\nodejs\;C:\Go\bin;C:\Program Files\MySQL\MySQL Utilities 1.6\;$HADOOP_HOME\bin;D:\JavaEE\apache-maven-3.5.2\bin;H:\软件\apache-cxf-2.7.11\bin;H:\软件\gradle-3.5.1\bin;C:\Program Files (x86)\scala\bin;C:\Program Files\TortoiseSVN\bin;I:\app\24219\product\instantclient_11_2;C:\Program Files\Git\cmd;C:\Program Files\NVIDIA Corporation\NVIDIA NvDLISR;C:\Users\24219\AppData\Local\Microsoft\WindowsApps;C:\Users\24219\AppData\Roaming\npm;C:\Program Files\Microsoft VS Code\bin;C:\Users\24219\AppData\Local\GitHubDesktop\bin;C:\Program Files\Intel\WiFi\bin\;C:\Program Files\Common Files\Intel\WirelessCommon\;C:\Users\24219\AppData\Local\Programs\Microsoft VS Code\bin;;.]
20:55:58.611 logback [localhost-startStop-1] INFO  o.a.c.c.C.[Tomcat].[localhost].[/] - Initializing Spring embedded WebApplicationContext
20:55:58.611 logback [localhost-startStop-1] INFO  o.s.web.context.ContextLoader - Root WebApplicationContext: initialization completed in 3510 ms
20:55:58.822 logback [localhost-startStop-1] INFO  o.s.b.w.s.ServletRegistrationBean - Servlet dispatcherServlet mapped to [/]
20:55:58.826 logback [localhost-startStop-1] INFO  o.s.b.w.s.FilterRegistrationBean - Mapping filter: 'characterEncodingFilter' to: [/*]
20:55:58.827 logback [localhost-startStop-1] INFO  o.s.b.w.s.FilterRegistrationBean - Mapping filter: 'hiddenHttpMethodFilter' to: [/*]
20:55:58.827 logback [localhost-startStop-1] INFO  o.s.b.w.s.FilterRegistrationBean - Mapping filter: 'httpPutFormContentFilter' to: [/*]
20:55:58.827 logback [localhost-startStop-1] INFO  o.s.b.w.s.FilterRegistrationBean - Mapping filter: 'requestContextFilter' to: [/*]
20:56:01.031 logback [main] INFO  o.s.w.s.h.SimpleUrlHandlerMapping - Mapped URL path [/**/favicon.ico] onto handler of type [class org.springframework.web.servlet.resource.ResourceHttpRequestHandler]
20:56:01.231 logback [main] INFO  o.s.w.s.m.m.a.RequestMappingHandlerAdapter - Looking for @ControllerAdvice: org.springframework.boot.web.servlet.context.AnnotationConfigServletWebServerApplicationContext@fbd1f6: startup date [Tue Nov 27 20:55:55 CST 2018]; root of context hierarchy
20:56:01.288 logback [main] INFO  o.s.w.s.m.m.a.RequestMappingHandlerMapping - Mapped "{[/u/getUnReadMsgList],methods=[POST]}" onto public com.usher.utils.JsonResult com.usher.controller.ChatController.getUnReadMsgList(java.lang.String)
20:56:01.291 logback [main] INFO  o.s.w.s.m.m.a.RequestMappingHandlerMapping - Mapped "{[/u/operFriendRequest],methods=[POST]}" onto public com.usher.utils.JsonResult com.usher.controller.SearchController.operFriendRequest(java.lang.String,java.lang.String,java.lang.Integer)
20:56:01.291 logback [main] INFO  o.s.w.s.m.m.a.RequestMappingHandlerMapping - Mapped "{[/u/queryFriendRequests],methods=[GET]}" onto public com.usher.utils.JsonResult com.usher.controller.SearchController.queryFriendRequests(java.lang.String)
20:56:01.291 logback [main] INFO  o.s.w.s.m.m.a.RequestMappingHandlerMapping - Mapped "{[/u/myFriends],methods=[POST]}" onto public com.usher.utils.JsonResult com.usher.controller.SearchController.myFriends(java.lang.String)
20:56:01.292 logback [main] INFO  o.s.w.s.m.m.a.RequestMappingHandlerMapping - Mapped "{[/u/search],methods=[POST]}" onto public com.usher.utils.JsonResult com.usher.controller.SearchController.searchUser(java.lang.String,java.lang.String)
20:56:01.292 logback [main] INFO  o.s.w.s.m.m.a.RequestMappingHandlerMapping - Mapped "{[/u/addFriendRequest],methods=[POST]}" onto public com.usher.utils.JsonResult com.usher.controller.SearchController.addFriendRequest(java.lang.String,java.lang.String) throws java.lang.Exception
20:56:01.292 logback [main] INFO  o.s.w.s.m.m.a.RequestMappingHandlerMapping - Mapped "{[/hello],methods=[GET]}" onto public java.lang.String com.usher.controller.TestController.hello()
20:56:01.294 logback [main] INFO  o.s.w.s.m.m.a.RequestMappingHandlerMapping - Mapped "{[/u/uploadFaceBase64],methods=[POST]}" onto public com.usher.utils.JsonResult com.usher.controller.UserController.uploadFaceBase64(com.usher.pojo.bo.UsersBO) throws java.lang.Exception
20:56:01.294 logback [main] INFO  o.s.w.s.m.m.a.RequestMappingHandlerMapping - Mapped "{[/u/registOrLogin],methods=[POST]}" onto public com.usher.utils.JsonResult com.usher.controller.UserController.registOrLogin(com.usher.form.UserForm,org.springframework.validation.BindingResult) throws java.lang.Exception
20:56:01.294 logback [main] INFO  o.s.w.s.m.m.a.RequestMappingHandlerMapping - Mapped "{[/u/setNickname],methods=[POST]}" onto public com.usher.utils.JsonResult com.usher.controller.UserController.setNickname(com.usher.pojo.bo.UsersBO) throws java.lang.Exception
20:56:01.297 logback [main] INFO  o.s.w.s.m.m.a.RequestMappingHandlerMapping - Mapped "{[/error]}" onto public org.springframework.http.ResponseEntity<java.util.Map<java.lang.String, java.lang.Object>> org.springframework.boot.autoconfigure.web.servlet.error.BasicErrorController.error(javax.servlet.http.HttpServletRequest)
20:56:01.298 logback [main] INFO  o.s.w.s.m.m.a.RequestMappingHandlerMapping - Mapped "{[/error],produces=[text/html]}" onto public org.springframework.web.servlet.ModelAndView org.springframework.boot.autoconfigure.web.servlet.error.BasicErrorController.errorHtml(javax.servlet.http.HttpServletRequest,javax.servlet.http.HttpServletResponse)
20:56:01.321 logback [main] INFO  o.s.w.s.h.SimpleUrlHandlerMapping - Mapped URL path [/webjars/**] onto handler of type [class org.springframework.web.servlet.resource.ResourceHttpRequestHandler]
20:56:01.321 logback [main] INFO  o.s.w.s.h.SimpleUrlHandlerMapping - Mapped URL path [/**] onto handler of type [class org.springframework.web.servlet.resource.ResourceHttpRequestHandler]
20:56:01.796 logback [main] INFO  o.s.j.e.a.AnnotationMBeanExporter - Registering beans for JMX exposure on startup
20:56:01.797 logback [main] INFO  o.s.j.e.a.AnnotationMBeanExporter - Bean with name 'fdfsConnectionPool' has been autodetected for JMX exposure
20:56:01.798 logback [main] INFO  o.s.j.e.a.AnnotationMBeanExporter - Bean with name 'dataSource' has been autodetected for JMX exposure
20:56:01.809 logback [main] INFO  o.s.j.e.a.AnnotationMBeanExporter - Located MBean 'fdfsConnectionPool': registering with JMX server as MBean [com.github.tobato.fastdfs.conn:name=fdfsConnectionPool,type=FdfsConnectionPool]
20:56:01.810 logback [main] INFO  o.s.j.e.a.AnnotationMBeanExporter - Located MBean 'dataSource': registering with JMX server as MBean [com.zaxxer.hikari:name=dataSource,type=HikariDataSource]
20:56:03.554 logback [main] INFO  o.a.coyote.http11.Http11NioProtocol - Starting ProtocolHandler ["http-nio-8080"]
20:56:03.555 logback [main] INFO  o.a.tomcat.util.net.NioSelectorPool - Using a shared selector for servlet write/read
20:56:03.586 logback [main] INFO  o.s.b.w.e.tomcat.TomcatWebServer - Tomcat started on port(s): 8080 (http) with context path ''
20:56:03.590 logback [main] INFO  com.usher.Application - Started Application in 10.905 seconds (JVM running for 14.406)
21:04:14.875 logback [http-nio-8080-exec-1] INFO  o.a.c.c.C.[Tomcat].[localhost].[/] - Initializing Spring FrameworkServlet 'dispatcherServlet'
21:04:14.876 logback [http-nio-8080-exec-1] INFO  o.s.web.servlet.DispatcherServlet - FrameworkServlet 'dispatcherServlet': initialization started
21:04:14.921 logback [http-nio-8080-exec-1] INFO  o.s.web.servlet.DispatcherServlet - FrameworkServlet 'dispatcherServlet': initialization completed in 45 ms
22:06:55.645 logback [main] INFO  com.usher.Application - Starting Application on DESKTOP-V341JIN with PID 33272 (D:\im\target\classes started by 24219 in D:\im)
22:06:55.653 logback [main] INFO  com.usher.Application - No active profile set, falling back to default profiles: default
22:06:55.754 logback [main] INFO  o.s.b.w.s.c.AnnotationConfigServletWebServerApplicationContext - Refreshing org.springframework.boot.web.servlet.context.AnnotationConfigServletWebServerApplicationContext@77f1baf5: startup date [Tue Nov 27 22:06:55 CST 2018]; root of context hierarchy
22:06:57.724 logback [main] INFO  o.s.b.f.s.DefaultListableBeanFactory - Overriding bean definition for bean 'dataSource' with a different definition: replacing [Root bean: class [null]; scope=; abstract=false; lazyInit=false; autowireMode=3; dependencyCheck=0; autowireCandidate=true; primary=false; factoryBeanName=org.springframework.boot.autoconfigure.jdbc.DataSourceConfiguration$Generic; factoryMethodName=dataSource; initMethodName=null; destroyMethodName=(inferred); defined in class path resource [org/springframework/boot/autoconfigure/jdbc/DataSourceConfiguration$Generic.class]] with [Root bean: class [null]; scope=; abstract=false; lazyInit=false; autowireMode=3; dependencyCheck=0; autowireCandidate=true; primary=false; factoryBeanName=org.springframework.boot.autoconfigure.jdbc.DataSourceConfiguration$Hikari; factoryMethodName=dataSource; initMethodName=null; destroyMethodName=(inferred); defined in class path resource [org/springframework/boot/autoconfigure/jdbc/DataSourceConfiguration$Hikari.class]]
22:06:59.009 logback [main] INFO  o.s.b.w.e.tomcat.TomcatWebServer - Tomcat initialized with port(s): 8080 (http)
22:06:59.033 logback [main] INFO  o.a.coyote.http11.Http11NioProtocol - Initializing ProtocolHandler ["http-nio-8080"]
22:06:59.048 logback [main] INFO  o.a.catalina.core.StandardService - Starting service [Tomcat]
22:06:59.049 logback [main] INFO  o.a.catalina.core.StandardEngine - Starting Servlet Engine: Apache Tomcat/8.5.31
22:06:59.057 logback [localhost-startStop-1] INFO  o.a.c.core.AprLifecycleListener - The APR based Apache Tomcat Native library which allows optimal performance in production environments was not found on the java.library.path: [C:\Program Files\Java\jdk1.8.0_151\bin;C:\Windows\Sun\Java\bin;C:\Windows\system32;C:\Windows;I:\app\24219\product\11.2.0\client_1\bin;I:\app\24219\product\11.2.0\dbhome_1\bin;C:\ProgramData\Oracle\Java\javapath;C:\Windows\system32;C:\Windows;C:\Windows\System32\Wbem;C:\Windows\System32\WindowsPowerShell\v1.0\;C:\Program Files (x86)\NVIDIA Corporation\PhysX\Common;"C:\Program Files\Java\jdk1.8.0_151\bin;C:\Program Files\Java\jdk1.8.0_151\jre\bin";C:\Program Files\nodejs\;C:\Go\bin;C:\Program Files\MySQL\MySQL Utilities 1.6\;$HADOOP_HOME\bin;D:\JavaEE\apache-maven-3.5.2\bin;H:\软件\apache-cxf-2.7.11\bin;H:\软件\gradle-3.5.1\bin;C:\Program Files (x86)\scala\bin;C:\Program Files\TortoiseSVN\bin;I:\app\24219\product\instantclient_11_2;C:\Program Files\Git\cmd;C:\Program Files\NVIDIA Corporation\NVIDIA NvDLISR;C:\Users\24219\AppData\Local\Microsoft\WindowsApps;C:\Users\24219\AppData\Roaming\npm;C:\Program Files\Microsoft VS Code\bin;C:\Users\24219\AppData\Local\GitHubDesktop\bin;C:\Program Files\Intel\WiFi\bin\;C:\Program Files\Common Files\Intel\WirelessCommon\;C:\Users\24219\AppData\Local\Programs\Microsoft VS Code\bin;;.]
22:06:59.283 logback [localhost-startStop-1] INFO  o.a.c.c.C.[Tomcat].[localhost].[/] - Initializing Spring embedded WebApplicationContext
22:06:59.283 logback [localhost-startStop-1] INFO  o.s.web.context.ContextLoader - Root WebApplicationContext: initialization completed in 3530 ms
22:06:59.587 logback [localhost-startStop-1] INFO  o.s.b.w.s.ServletRegistrationBean - Servlet dispatcherServlet mapped to [/]
22:06:59.593 logback [localhost-startStop-1] INFO  o.s.b.w.s.FilterRegistrationBean - Mapping filter: 'characterEncodingFilter' to: [/*]
22:06:59.594 logback [localhost-startStop-1] INFO  o.s.b.w.s.FilterRegistrationBean - Mapping filter: 'hiddenHttpMethodFilter' to: [/*]
22:06:59.594 logback [localhost-startStop-1] INFO  o.s.b.w.s.FilterRegistrationBean - Mapping filter: 'httpPutFormContentFilter' to: [/*]
22:06:59.594 logback [localhost-startStop-1] INFO  o.s.b.w.s.FilterRegistrationBean - Mapping filter: 'requestContextFilter' to: [/*]
22:07:02.106 logback [main] INFO  o.s.w.s.h.SimpleUrlHandlerMapping - Mapped URL path [/**/favicon.ico] onto handler of type [class org.springframework.web.servlet.resource.ResourceHttpRequestHandler]
22:07:02.433 logback [main] INFO  o.s.w.s.m.m.a.RequestMappingHandlerAdapter - Looking for @ControllerAdvice: org.springframework.boot.web.servlet.context.AnnotationConfigServletWebServerApplicationContext@77f1baf5: startup date [Tue Nov 27 22:06:55 CST 2018]; root of context hierarchy
22:07:02.519 logback [main] INFO  o.s.w.s.m.m.a.RequestMappingHandlerMapping - Mapped "{[/u/getUnReadMsgList],methods=[POST]}" onto public com.usher.utils.JsonResult com.usher.controller.ChatController.getUnReadMsgList(java.lang.String)
22:07:02.529 logback [main] INFO  o.s.w.s.m.m.a.RequestMappingHandlerMapping - Mapped "{[/u/queryFriendRequests],methods=[GET]}" onto public com.usher.utils.JsonResult com.usher.controller.SearchController.queryFriendRequests(java.lang.String)
22:07:02.530 logback [main] INFO  o.s.w.s.m.m.a.RequestMappingHandlerMapping - Mapped "{[/u/operFriendRequest],methods=[POST]}" onto public com.usher.utils.JsonResult com.usher.controller.SearchController.operFriendRequest(java.lang.String,java.lang.String,java.lang.Integer)
22:07:02.531 logback [main] INFO  o.s.w.s.m.m.a.RequestMappingHandlerMapping - Mapped "{[/u/addFriendRequest],methods=[POST]}" onto public com.usher.utils.JsonResult com.usher.controller.SearchController.addFriendRequest(java.lang.String,java.lang.String) throws java.lang.Exception
22:07:02.532 logback [main] INFO  o.s.w.s.m.m.a.RequestMappingHandlerMapping - Mapped "{[/u/myFriends],methods=[POST]}" onto public com.usher.utils.JsonResult com.usher.controller.SearchController.myFriends(java.lang.String)
22:07:02.533 logback [main] INFO  o.s.w.s.m.m.a.RequestMappingHandlerMapping - Mapped "{[/u/search],methods=[POST]}" onto public com.usher.utils.JsonResult com.usher.controller.SearchController.searchUser(java.lang.String,java.lang.String)
22:07:02.534 logback [main] INFO  o.s.w.s.m.m.a.RequestMappingHandlerMapping - Mapped "{[/hello],methods=[GET]}" onto public java.lang.String com.usher.controller.TestController.hello()
22:07:02.537 logback [main] INFO  o.s.w.s.m.m.a.RequestMappingHandlerMapping - Mapped "{[/u/registOrLogin],methods=[POST]}" onto public com.usher.utils.JsonResult com.usher.controller.UserController.registOrLogin(com.usher.form.UserForm,org.springframework.validation.BindingResult) throws java.lang.Exception
22:07:02.538 logback [main] INFO  o.s.w.s.m.m.a.RequestMappingHandlerMapping - Mapped "{[/u/uploadFaceBase64],methods=[POST]}" onto public com.usher.utils.JsonResult com.usher.controller.UserController.uploadFaceBase64(com.usher.pojo.bo.UsersBO) throws java.lang.Exception
22:07:02.539 logback [main] INFO  o.s.w.s.m.m.a.RequestMappingHandlerMapping - Mapped "{[/u/setNickname],methods=[POST]}" onto public com.usher.utils.JsonResult com.usher.controller.UserController.setNickname(com.usher.pojo.bo.UsersBO) throws java.lang.Exception
22:07:02.547 logback [main] INFO  o.s.w.s.m.m.a.RequestMappingHandlerMapping - Mapped "{[/error]}" onto public org.springframework.http.ResponseEntity<java.util.Map<java.lang.String, java.lang.Object>> org.springframework.boot.autoconfigure.web.servlet.error.BasicErrorController.error(javax.servlet.http.HttpServletRequest)
22:07:02.549 logback [main] INFO  o.s.w.s.m.m.a.RequestMappingHandlerMapping - Mapped "{[/error],produces=[text/html]}" onto public org.springframework.web.servlet.ModelAndView org.springframework.boot.autoconfigure.web.servlet.error.BasicErrorController.errorHtml(javax.servlet.http.HttpServletRequest,javax.servlet.http.HttpServletResponse)
22:07:02.590 logback [main] INFO  o.s.w.s.h.SimpleUrlHandlerMapping - Mapped URL path [/webjars/**] onto handler of type [class org.springframework.web.servlet.resource.ResourceHttpRequestHandler]
22:07:02.590 logback [main] INFO  o.s.w.s.h.SimpleUrlHandlerMapping - Mapped URL path [/**] onto handler of type [class org.springframework.web.servlet.resource.ResourceHttpRequestHandler]
22:07:03.143 logback [main] INFO  o.s.j.e.a.AnnotationMBeanExporter - Registering beans for JMX exposure on startup
22:07:03.144 logback [main] INFO  o.s.j.e.a.AnnotationMBeanExporter - Bean with name 'fdfsConnectionPool' has been autodetected for JMX exposure
22:07:03.146 logback [main] INFO  o.s.j.e.a.AnnotationMBeanExporter - Bean with name 'dataSource' has been autodetected for JMX exposure
22:07:03.155 logback [main] INFO  o.s.j.e.a.AnnotationMBeanExporter - Located MBean 'fdfsConnectionPool': registering with JMX server as MBean [com.github.tobato.fastdfs.conn:name=fdfsConnectionPool,type=FdfsConnectionPool]
22:07:03.157 logback [main] INFO  o.s.j.e.a.AnnotationMBeanExporter - Located MBean 'dataSource': registering with JMX server as MBean [com.zaxxer.hikari:name=dataSource,type=HikariDataSource]
22:07:04.643 logback [main] INFO  o.a.coyote.http11.Http11NioProtocol - Starting ProtocolHandler ["http-nio-8080"]
22:07:04.645 logback [main] INFO  o.a.tomcat.util.net.NioSelectorPool - Using a shared selector for servlet write/read
22:07:04.663 logback [main] INFO  o.s.b.w.e.tomcat.TomcatWebServer - Tomcat started on port(s): 8080 (http) with context path ''
22:07:04.667 logback [main] INFO  com.usher.Application - Started Application in 10.156 seconds (JVM running for 12.696)
